 Allocating arrays for          512  control points
 Control point            1  reads:            1   30.992699999999999       -24.982399999999998        23.000000000000000                1
 Control point            2  reads:            2   32.671599999999998       -2.2502000000000000        23.000000000000000                1
 Control point            3  reads:            3   40.370600000000003       -2.1463999999999999        23.000000000000000                1
 Control point            4  reads:            4   40.511400000000002       -24.982399999999998        23.000000000000000                1
 Control point            5  reads:            5  -500.00000000000000       -500.00000000000000        23.000000000000000                2
 Control point            6  reads:            6  -500.00000000000000        500.00000000000000        23.000000000000000                2
 Control point            7  reads:            7   500.00000000000000        500.00000000000000        23.000000000000000                2
 Control point            8  reads:            8   500.00000000000000       -500.00000000000000        23.000000000000000                2
 Control point            9  reads:            9   30.992699999999999       -24.982399999999998       -18.500000000000000                0
 Control point           10  reads:           10   32.671599999999998       -2.2502000000000000       -18.500000000000000                0
 Control point           11  reads:           11   40.370600000000003       -2.1463999999999999       -18.500000000000000                0
 Control point           12  reads:           12   40.511400000000002       -24.982399999999998       -18.500000000000000                0
 Control point           13  reads:           13   33.117616181332302       -2.7502922220540502       -16.244000000000000                0
 Control point           14  reads:           14   33.117616181332302       -2.7502922220540502       -15.244999999999999                0
 Control point           15  reads:           15   33.117616181332302       -2.7502922220540502       -14.243000000000000                0
 Control point           16  reads:           16   33.117616181332302       -2.7502922220540502       -13.247000000000000                0
 Control point           17  reads:           17   33.117616181332302       -2.7502922220540502       -12.250999999999999                0
 Control point           18  reads:           18   33.117616181332302       -2.7502922220540502       -11.252000000000001                0
 Control point           19  reads:           19   33.117616181332302       -2.7502922220540502       -10.250000000000000                0
 Control point           20  reads:           20   33.117616181332302       -2.7502922220540502       -9.2500000000000000                0
 Control point           21  reads:           21   33.117616181332302       -2.7502922220540502       -8.2490000000000006                0
 Control point           22  reads:           22   33.117616181332302       -2.7502922220540502       -7.2530000000000001                0
 Control point           23  reads:           23   33.117616181332302       -2.7502922220540502       -6.2539999999999996                0
 Control point           24  reads:           24   33.117616181332302       -2.7502922220540502       -5.2549999999999999                0
 Control point           25  reads:           25   33.117616181332302       -2.7502922220540502       -4.2560000000000002                0
 Control point           26  reads:           26   33.117616181332302       -2.7502922220540502       -3.2549999999999999                0
 Control point           27  reads:           27   33.117616181332302       -2.7502922220540502       -2.2549999999999999                0
 Control point           28  reads:           28   33.117616181332302       -2.7502922220540502       -1.2540000000000000                0
 Control point           29  reads:           29   33.117616181332302       -2.7502922220540502      -0.25300000000000000                0
 Control point           30  reads:           30   33.117616181332302       -2.7502922220540502       0.74599999999999900                0
 Control point           31  reads:           31   33.117616181332302       -2.7502922220540502        1.7480000000000000                0
 Control point           32  reads:           32   33.117616181332302       -2.7502922220540502        2.7460000000000000                0
 Control point           33  reads:           33   33.117616181332302       -2.7502922220540502        3.7450000000000001                0
 Control point           34  reads:           34   33.117616181332302       -2.7502922220540502        4.7450000000000001                0
 Control point           35  reads:           35   33.117616181332302       -2.7502922220540502        5.7439999999999998                0
 Control point           36  reads:           36   33.117616181332302       -2.7502922220540502        6.7460000000000004                0
 Control point           37  reads:           37   33.117616181332302       -2.7502922220540502        7.7450000000000001                0
 Control point           38  reads:           38   33.117616181332302       -2.7502922220540502        8.7479999999999993                0
 Control point           39  reads:           39   33.117616181332302       -2.7502922220540502        9.7479999999999993                0
 Control point           40  reads:           40   33.117616181332302       -2.7502922220540502        10.750000000000000                0
 Control point           41  reads:           41   33.117616181332302       -2.7502922220540502        11.749000000000001                0
 Control point           42  reads:           42   33.117616181332302       -2.7502922220540502        12.749000000000001                0
 Control point           43  reads:           43   33.117616181332302       -2.7502922220540502        13.750000000000000                0
 Control point           44  reads:           44   33.117616181332302       -2.7502922220540502        14.750000000000000                0
 Control point           45  reads:           45   33.117616181332302       -2.7502922220540502        15.750999999999999                0
 Control point           46  reads:           46   33.117616181332302       -2.7502922220540502        16.750000000000000                0
 Control point           47  reads:           47   33.117616181332302       -2.7502922220540502        17.750000000000000                0
 Control point           48  reads:           48   33.117616181332302       -2.7502922220540502        18.747000000000000                0
 Control point           49  reads:           49   33.117616181332302       -2.7502922220540502        19.745000000000001                0
 Control point           50  reads:           50   33.117616181332302       -2.7502922220540502        20.745000000000001                0
 Control point           51  reads:           51   33.117616181332302       -2.7502922220540502        21.747000000000000                0
 Control point           52  reads:           52   33.117616181332302       -2.7502922220540502        22.742999999999999                0
 Control point           53  reads:           53   39.870597567642797       -2.6463806461119299       -16.199000000000002                0
 Control point           54  reads:           54   39.870597567642797       -2.6463806461119299       -15.199000000000000                0
 Control point           55  reads:           55   39.870597567642797       -2.6463806461119299       -14.199000000000000                0
 Control point           56  reads:           56   39.870597567642797       -2.6463806461119299       -13.194000000000001                0
 Control point           57  reads:           57   39.870597567642797       -2.6463806461119299       -12.196000000000000                0
 Control point           58  reads:           58   39.870597567642797       -2.6463806461119299       -11.196000000000000                0
 Control point           59  reads:           59   39.870597567642797       -2.6463806461119299       -10.196999999999999                0
 Control point           60  reads:           60   39.870597567642797       -2.6463806461119299       -9.1989999999999998                0
 Control point           61  reads:           61   39.870597567642797       -2.6463806461119299       -8.1980000000000004                0
 Control point           62  reads:           62   39.870597567642797       -2.6463806461119299       -7.1989999999999998                0
 Control point           63  reads:           63   39.870597567642797       -2.6463806461119299       -6.2020000000000000                0
 Control point           64  reads:           64   39.870597567642797       -2.6463806461119299       -5.2080000000000002                0
 Control point           65  reads:           65   39.870597567642797       -2.6463806461119299       -4.2030000000000003                0
 Control point           66  reads:           66   39.870597567642797       -2.6463806461119299       -3.1989999999999998                0
 Control point           67  reads:           67   39.870597567642797       -2.6463806461119299       -2.2020000000000000                0
 Control point           68  reads:           68   39.870597567642797       -2.6463806461119299       -1.2070000000000001                0
 Control point           69  reads:           69   39.870597567642797       -2.6463806461119299      -0.20799999999999799                0
 Control point           70  reads:           70   39.870597567642797       -2.6463806461119299       0.79100000000000004                0
 Control point           71  reads:           71   39.870597567642797       -2.6463806461119299        1.7949999999999999                0
 Control point           72  reads:           72   39.870597567642797       -2.6463806461119299        2.7919999999999998                0
 Control point           73  reads:           73   39.870597567642797       -2.6463806461119299        3.7930000000000001                0
 Control point           74  reads:           74   39.870597567642797       -2.6463806461119299        4.7939999999999996                0
 Control point           75  reads:           75   39.870597567642797       -2.6463806461119299        5.7910000000000004                0
 Control point           76  reads:           76   39.870597567642797       -2.6463806461119299        6.7949999999999999                0
 Control point           77  reads:           77   39.870597567642797       -2.6463806461119299        7.7930000000000001                0
 Control point           78  reads:           78   39.870597567642797       -2.6463806461119299        8.7910000000000004                0
 Control point           79  reads:           79   39.870597567642797       -2.6463806461119299        9.7940000000000005                0
 Control point           80  reads:           80   39.870597567642797       -2.6463806461119299        10.794000000000000                0
 Control point           81  reads:           81   39.870597567642797       -2.6463806461119299        11.791000000000000                0
 Control point           82  reads:           82   39.870597567642797       -2.6463806461119299        12.791000000000000                0
 Control point           83  reads:           83   39.870597567642797       -2.6463806461119299        13.795000000000000                0
 Control point           84  reads:           84   39.870597567642797       -2.6463806461119299        14.797000000000001                0
 Control point           85  reads:           85   39.870597567642797       -2.6463806461119299        15.798000000000000                0
 Control point           86  reads:           86   39.870597567642797       -2.6463806461119299        16.795000000000002                0
 Control point           87  reads:           87   39.870597567642797       -2.6463806461119299        17.795999999999999                0
 Control point           88  reads:           88   39.870597567642797       -2.6463806461119299        18.797000000000001                0
 Control point           89  reads:           89   39.870597567642797       -2.6463806461119299        19.798999999999999                0
 Control point           90  reads:           90   39.870597567642797       -2.6463806461119299        20.797000000000001                0
 Control point           91  reads:           91   39.870597567642797       -2.6463806461119299        21.797999999999998                0
 Control point           92  reads:           92   39.870597567642797       -2.6463806461119299        22.800999999999998                0
 Control point           93  reads:           93   31.492361460678001       -24.344241626980502       -16.370999999999999                0
 Control point           94  reads:           94   31.492361460678001       -24.344241626980502       -15.368000000000000                0
 Control point           95  reads:           95   31.492361460678001       -24.344241626980502       -14.366000000000000                0
 Control point           96  reads:           96   31.492361460678001       -24.344241626980502       -13.366000000000000                0
 Control point           97  reads:           97   31.492361460678001       -24.344241626980502       -12.367000000000001                0
 Control point           98  reads:           98   31.492361460678001       -24.344241626980502       -11.368000000000000                0
 Control point           99  reads:           99   31.492361460678001       -24.344241626980502       -10.368000000000000                0
 Control point          100  reads:          100   31.492361460678001       -24.344241626980502       -9.3670000000000009                0
 Control point          101  reads:          101   31.492361460678001       -24.344241626980502       -8.3640000000000008                0
 Control point          102  reads:          102   31.492361460678001       -24.344241626980502       -7.3700000000000001                0
 Control point          103  reads:          103   31.492361460678001       -24.344241626980502       -6.3659999999999997                0
 Control point          104  reads:          104   31.492361460678001       -24.344241626980502       -5.3659999999999997                0
 Control point          105  reads:          105   31.492361460678001       -24.344241626980502       -4.3650000000000002                0
 Control point          106  reads:          106   31.492361460678001       -24.344241626980502       -3.3630000000000000                0
 Control point          107  reads:          107   31.492361460678001       -24.344241626980502       -2.3670000000000000                0
 Control point          108  reads:          108   31.492361460678001       -24.344241626980502       -1.3660000000000001                0
 Control point          109  reads:          109   31.492361460678001       -24.344241626980502      -0.36400000000000099                0
 Control point          110  reads:          110   31.492361460678001       -24.344241626980502       0.63599999999999901                0
 Control point          111  reads:          111   31.492361460678001       -24.344241626980502        1.6370000000000000                0
 Control point          112  reads:          112   31.492361460678001       -24.344241626980502        2.6389999999999998                0
 Control point          113  reads:          113   31.492361460678001       -24.344241626980502        3.6410000000000000                0
 Control point          114  reads:          114   31.492361460678001       -24.344241626980502        4.6420000000000003                0
 Control point          115  reads:          115   31.492361460678001       -24.344241626980502        5.6449999999999996                0
 Control point          116  reads:          116   31.492361460678001       -24.344241626980502        6.6440000000000001                0
 Control point          117  reads:          117   31.492361460678001       -24.344241626980502        7.6479999999999997                0
 Control point          118  reads:          118   31.492361460678001       -24.344241626980502        8.6470000000000002                0
 Control point          119  reads:          119   31.492361460678001       -24.344241626980502        9.6479999999999997                0
 Control point          120  reads:          120   31.492361460678001       -24.344241626980502        10.656000000000001                0
 Control point          121  reads:          121   31.492361460678001       -24.344241626980502        11.654000000000000                0
 Control point          122  reads:          122   31.492361460678001       -24.344241626980502        12.656000000000001                0
 Control point          123  reads:          123   31.492361460678001       -24.344241626980502        13.661000000000000                0
 Control point          124  reads:          124   31.492361460678001       -24.344241626980502        14.662000000000001                0
 Control point          125  reads:          125   31.492361460678001       -24.344241626980502        15.667999999999999                0
 Control point          126  reads:          126   31.492361460678001       -24.344241626980502        16.667000000000002                0
 Control point          127  reads:          127   31.492361460678001       -24.344241626980502        17.667999999999999                0
 Control point          128  reads:          128   31.492361460678001       -24.344241626980502        18.664999999999999                0
 Control point          129  reads:          129   31.492361460678001       -24.344241626980502        19.660000000000000                0
 Control point          130  reads:          130   31.492361460678001       -24.344241626980502        20.658000000000001                0
 Control point          131  reads:          131   31.492361460678001       -24.344241626980502        21.658000000000001                0
 Control point          132  reads:          132   31.492361460678001       -24.344241626980502        22.658000000000001                0
 Control point          133  reads:          133   38.511363406847600       -24.482387382589302       -16.266999999999999                0
 Control point          134  reads:          134   38.511363406847600       -24.482387382589302       -15.263000000000000                0
 Control point          135  reads:          135   38.511363406847600       -24.482387382589302       -14.260000000000000                0
 Control point          136  reads:          136   38.511363406847600       -24.482387382589302       -13.260000000000000                0
 Control point          137  reads:          137   38.511363406847600       -24.482387382589302       -12.257000000000000                0
 Control point          138  reads:          138   38.511363406847600       -24.482387382589302       -11.254000000000000                0
 Control point          139  reads:          139   38.511363406847600       -24.482387382589302       -10.255000000000001                0
 Control point          140  reads:          140   38.511363406847600       -24.482387382589302       -9.2560000000000002                0
 Control point          141  reads:          141   38.511363406847600       -24.482387382589302       -8.2530000000000001                0
 Control point          142  reads:          142   38.511363406847600       -24.482387382589302       -7.2539999999999996                0
 Control point          143  reads:          143   38.511363406847600       -24.482387382589302       -6.2549999999999999                0
 Control point          144  reads:          144   38.511363406847600       -24.482387382589302       -5.2519999999999998                0
 Control point          145  reads:          145   38.511363406847600       -24.482387382589302       -4.2480000000000002                0
 Control point          146  reads:          146   38.511363406847600       -24.482387382589302       -3.2500000000000000                0
 Control point          147  reads:          147   38.511363406847600       -24.482387382589302       -2.2469999999999999                0
 Control point          148  reads:          148   38.511363406847600       -24.482387382589302       -1.2450000000000001                0
 Control point          149  reads:          149   38.511363406847600       -24.482387382589302      -0.24399999999999999                0
 Control point          150  reads:          150   38.511363406847600       -24.482387382589302       0.76000000000000201                0
 Control point          151  reads:          151   38.511363406847600       -24.482387382589302        1.7560000000000000                0
 Control point          152  reads:          152   38.511363406847600       -24.482387382589302        2.7549999999999999                0
 Control point          153  reads:          153   38.511363406847600       -24.482387382589302        3.7530000000000001                0
 Control point          154  reads:          154   38.511363406847600       -24.482387382589302        4.7510000000000003                0
 Control point          155  reads:          155   38.511363406847600       -24.482387382589302        5.7539999999999996                0
 Control point          156  reads:          156   38.511363406847600       -24.482387382589302        6.7549999999999999                0
 Control point          157  reads:          157   38.511363406847600       -24.482387382589302        7.7590000000000003                0
 Control point          158  reads:          158   38.511363406847600       -24.482387382589302        8.7590000000000003                0
 Control point          159  reads:          159   38.511363406847600       -24.482387382589302        9.7629999999999999                0
 Control point          160  reads:          160   38.511363406847600       -24.482387382589302        10.760999999999999                0
 Control point          161  reads:          161   38.511363406847600       -24.482387382589302        11.766000000000000                0
 Control point          162  reads:          162   38.511363406847600       -24.482387382589302        12.763999999999999                0
 Control point          163  reads:          163   38.511363406847600       -24.482387382589302        13.763000000000000                0
 Control point          164  reads:          164   38.511363406847600       -24.482387382589302        14.763999999999999                0
 Control point          165  reads:          165   38.511363406847600       -24.482387382589302        15.763999999999999                0
 Control point          166  reads:          166   38.511363406847600       -24.482387382589302        16.766999999999999                0
 Control point          167  reads:          167   38.511363406847600       -24.482387382589302        17.765999999999998                0
 Control point          168  reads:          168   38.511363406847600       -24.482387382589302        18.766999999999999                0
 Control point          169  reads:          169   38.511363406847600       -24.482387382589302        19.768000000000001                0
 Control point          170  reads:          170   38.511363406847600       -24.482387382589302        20.768999999999998                0
 Control point          171  reads:          171   38.511363406847600       -24.482387382589302        21.771999999999998                0
 Control point          172  reads:          172   38.511363406847600       -24.482387382589302        22.773000000000000                0
 Control point          173  reads:          173   33.117616181332302       -2.7502922220540502       -16.294000000000000                0
 Control point          174  reads:          174   33.117616181332302       -2.7502922220540502       -15.295000000000000                0
 Control point          175  reads:          175   33.117616181332302       -2.7502922220540502       -14.292999999999999                0
 Control point          176  reads:          176   33.117616181332302       -2.7502922220540502       -13.297000000000001                0
 Control point          177  reads:          177   33.117616181332302       -2.7502922220540502       -12.301000000000000                0
 Control point          178  reads:          178   33.117616181332302       -2.7502922220540502       -11.302000000000000                0
 Control point          179  reads:          179   33.117616181332302       -2.7502922220540502       -10.300000000000001                0
 Control point          180  reads:          180   33.117616181332302       -2.7502922220540502       -9.3000000000000007                0
 Control point          181  reads:          181   33.117616181332302       -2.7502922220540502       -8.2989999999999995                0
 Control point          182  reads:          182   33.117616181332302       -2.7502922220540502       -7.3029999999999999                0
 Control point          183  reads:          183   33.117616181332302       -2.7502922220540502       -6.3040000000000003                0
 Control point          184  reads:          184   33.117616181332302       -2.7502922220540502       -5.3049999999999997                0
 Control point          185  reads:          185   33.117616181332302       -2.7502922220540502       -4.3060000000000000                0
 Control point          186  reads:          186   33.117616181332302       -2.7502922220540502       -3.3050000000000002                0
 Control point          187  reads:          187   33.117616181332302       -2.7502922220540502       -2.3050000000000002                0
 Control point          188  reads:          188   33.117616181332302       -2.7502922220540502       -1.3040000000000000                0
 Control point          189  reads:          189   33.117616181332302       -2.7502922220540502      -0.30299999999999999                0
 Control point          190  reads:          190   33.117616181332302       -2.7502922220540502       0.69599999999999895                0
 Control point          191  reads:          191   33.117616181332302       -2.7502922220540502        1.6980000000000000                0
 Control point          192  reads:          192   33.117616181332302       -2.7502922220540502        2.6960000000000002                0
 Control point          193  reads:          193   33.117616181332302       -2.7502922220540502        3.6949999999999998                0
 Control point          194  reads:          194   33.117616181332302       -2.7502922220540502        4.6950000000000003                0
 Control point          195  reads:          195   33.117616181332302       -2.7502922220540502        5.6940000000000000                0
 Control point          196  reads:          196   33.117616181332302       -2.7502922220540502        6.6959999999999997                0
 Control point          197  reads:          197   33.117616181332302       -2.7502922220540502        7.6950000000000003                0
 Control point          198  reads:          198   33.117616181332302       -2.7502922220540502        8.6980000000000004                0
 Control point          199  reads:          199   33.117616181332302       -2.7502922220540502        9.6980000000000004                0
 Control point          200  reads:          200   33.117616181332302       -2.7502922220540502        10.699999999999999                0
 Control point          201  reads:          201   33.117616181332302       -2.7502922220540502        11.699000000000000                0
 Control point          202  reads:          202   33.117616181332302       -2.7502922220540502        12.699000000000000                0
 Control point          203  reads:          203   33.117616181332302       -2.7502922220540502        13.699999999999999                0
 Control point          204  reads:          204   33.117616181332302       -2.7502922220540502        14.699999999999999                0
 Control point          205  reads:          205   33.117616181332302       -2.7502922220540502        15.701000000000001                0
 Control point          206  reads:          206   33.117616181332302       -2.7502922220540502        16.699999999999999                0
 Control point          207  reads:          207   33.117616181332302       -2.7502922220540502        17.699999999999999                0
 Control point          208  reads:          208   33.117616181332302       -2.7502922220540502        18.696999999999999                0
 Control point          209  reads:          209   33.117616181332302       -2.7502922220540502        19.695000000000000                0
 Control point          210  reads:          210   33.117616181332302       -2.7502922220540502        20.695000000000000                0
 Control point          211  reads:          211   33.117616181332302       -2.7502922220540502        21.696999999999999                0
 Control point          212  reads:          212   33.117616181332302       -2.7502922220540502        22.693000000000001                0
 Control point          213  reads:          213   39.870597567642797       -2.6463806461119299       -16.248999999999999                0
 Control point          214  reads:          214   39.870597567642797       -2.6463806461119299       -15.249000000000001                0
 Control point          215  reads:          215   39.870597567642797       -2.6463806461119299       -14.249000000000001                0
 Control point          216  reads:          216   39.870597567642797       -2.6463806461119299       -13.244000000000000                0
 Control point          217  reads:          217   39.870597567642797       -2.6463806461119299       -12.246000000000000                0
 Control point          218  reads:          218   39.870597567642797       -2.6463806461119299       -11.246000000000000                0
 Control point          219  reads:          219   39.870597567642797       -2.6463806461119299       -10.247000000000000                0
 Control point          220  reads:          220   39.870597567642797       -2.6463806461119299       -9.2490000000000006                0
 Control point          221  reads:          221   39.870597567642797       -2.6463806461119299       -8.2479999999999993                0
 Control point          222  reads:          222   39.870597567642797       -2.6463806461119299       -7.2489999999999997                0
 Control point          223  reads:          223   39.870597567642797       -2.6463806461119299       -6.2519999999999998                0
 Control point          224  reads:          224   39.870597567642797       -2.6463806461119299       -5.2580000000000000                0
 Control point          225  reads:          225   39.870597567642797       -2.6463806461119299       -4.2530000000000001                0
 Control point          226  reads:          226   39.870597567642797       -2.6463806461119299       -3.2490000000000001                0
 Control point          227  reads:          227   39.870597567642797       -2.6463806461119299       -2.2519999999999998                0
 Control point          228  reads:          228   39.870597567642797       -2.6463806461119299       -1.2569999999999999                0
 Control point          229  reads:          229   39.870597567642797       -2.6463806461119299      -0.25799999999999801                0
 Control point          230  reads:          230   39.870597567642797       -2.6463806461119299       0.74099999999999999                0
 Control point          231  reads:          231   39.870597567642797       -2.6463806461119299        1.7450000000000001                0
 Control point          232  reads:          232   39.870597567642797       -2.6463806461119299        2.7420000000000000                0
 Control point          233  reads:          233   39.870597567642797       -2.6463806461119299        3.7429999999999999                0
 Control point          234  reads:          234   39.870597567642797       -2.6463806461119299        4.7439999999999998                0
 Control point          235  reads:          235   39.870597567642797       -2.6463806461119299        5.7409999999999997                0
 Control point          236  reads:          236   39.870597567642797       -2.6463806461119299        6.7450000000000001                0
 Control point          237  reads:          237   39.870597567642797       -2.6463806461119299        7.7430000000000003                0
 Control point          238  reads:          238   39.870597567642797       -2.6463806461119299        8.7409999999999997                0
 Control point          239  reads:          239   39.870597567642797       -2.6463806461119299        9.7439999999999998                0
 Control point          240  reads:          240   39.870597567642797       -2.6463806461119299        10.744000000000000                0
 Control point          241  reads:          241   39.870597567642797       -2.6463806461119299        11.741000000000000                0
 Control point          242  reads:          242   39.870597567642797       -2.6463806461119299        12.741000000000000                0
 Control point          243  reads:          243   39.870597567642797       -2.6463806461119299        13.744999999999999                0
 Control point          244  reads:          244   39.870597567642797       -2.6463806461119299        14.747000000000000                0
 Control point          245  reads:          245   39.870597567642797       -2.6463806461119299        15.747999999999999                0
 Control point          246  reads:          246   39.870597567642797       -2.6463806461119299        16.745000000000001                0
 Control point          247  reads:          247   39.870597567642797       -2.6463806461119299        17.745999999999999                0
 Control point          248  reads:          248   39.870597567642797       -2.6463806461119299        18.747000000000000                0
 Control point          249  reads:          249   39.870597567642797       -2.6463806461119299        19.748999999999999                0
 Control point          250  reads:          250   39.870597567642797       -2.6463806461119299        20.747000000000000                0
 Control point          251  reads:          251   39.870597567642797       -2.6463806461119299        21.748000000000001                0
 Control point          252  reads:          252   39.870597567642797       -2.6463806461119299        22.751000000000001                0
 Control point          253  reads:          253   31.492361460678001       -24.344241626980502       -16.420999999999999                0
 Control point          254  reads:          254   31.492361460678001       -24.344241626980502       -15.417999999999999                0
 Control point          255  reads:          255   31.492361460678001       -24.344241626980502       -14.416000000000000                0
 Control point          256  reads:          256   31.492361460678001       -24.344241626980502       -13.416000000000000                0
 Control point          257  reads:          257   31.492361460678001       -24.344241626980502       -12.417000000000000                0
 Control point          258  reads:          258   31.492361460678001       -24.344241626980502       -11.417999999999999                0
 Control point          259  reads:          259   31.492361460678001       -24.344241626980502       -10.417999999999999                0
 Control point          260  reads:          260   31.492361460678001       -24.344241626980502       -9.4169999999999998                0
 Control point          261  reads:          261   31.492361460678001       -24.344241626980502       -8.4139999999999997                0
 Control point          262  reads:          262   31.492361460678001       -24.344241626980502       -7.4199999999999999                0
 Control point          263  reads:          263   31.492361460678001       -24.344241626980502       -6.4160000000000004                0
 Control point          264  reads:          264   31.492361460678001       -24.344241626980502       -5.4160000000000004                0
 Control point          265  reads:          265   31.492361460678001       -24.344241626980502       -4.4150000000000000                0
 Control point          266  reads:          266   31.492361460678001       -24.344241626980502       -3.4129999999999998                0
 Control point          267  reads:          267   31.492361460678001       -24.344241626980502       -2.4169999999999998                0
 Control point          268  reads:          268   31.492361460678001       -24.344241626980502       -1.4159999999999999                0
 Control point          269  reads:          269   31.492361460678001       -24.344241626980502      -0.41400000000000098                0
 Control point          270  reads:          270   31.492361460678001       -24.344241626980502       0.58599999999999897                0
 Control point          271  reads:          271   31.492361460678001       -24.344241626980502        1.5870000000000000                0
 Control point          272  reads:          272   31.492361460678001       -24.344241626980502        2.5890000000000000                0
 Control point          273  reads:          273   31.492361460678001       -24.344241626980502        3.5910000000000002                0
 Control point          274  reads:          274   31.492361460678001       -24.344241626980502        4.5919999999999996                0
 Control point          275  reads:          275   31.492361460678001       -24.344241626980502        5.5949999999999998                0
 Control point          276  reads:          276   31.492361460678001       -24.344241626980502        6.5940000000000003                0
 Control point          277  reads:          277   31.492361460678001       -24.344241626980502        7.5979999999999999                0
 Control point          278  reads:          278   31.492361460678001       -24.344241626980502        8.5969999999999995                0
 Control point          279  reads:          279   31.492361460678001       -24.344241626980502        9.5980000000000008                0
 Control point          280  reads:          280   31.492361460678001       -24.344241626980502        10.606000000000000                0
 Control point          281  reads:          281   31.492361460678001       -24.344241626980502        11.603999999999999                0
 Control point          282  reads:          282   31.492361460678001       -24.344241626980502        12.606000000000000                0
 Control point          283  reads:          283   31.492361460678001       -24.344241626980502        13.611000000000001                0
 Control point          284  reads:          284   31.492361460678001       -24.344241626980502        14.612000000000000                0
 Control point          285  reads:          285   31.492361460678001       -24.344241626980502        15.618000000000000                0
 Control point          286  reads:          286   31.492361460678001       -24.344241626980502        16.617000000000001                0
 Control point          287  reads:          287   31.492361460678001       -24.344241626980502        17.617999999999999                0
 Control point          288  reads:          288   31.492361460678001       -24.344241626980502        18.614999999999998                0
 Control point          289  reads:          289   31.492361460678001       -24.344241626980502        19.609999999999999                0
 Control point          290  reads:          290   31.492361460678001       -24.344241626980502        20.608000000000001                0
 Control point          291  reads:          291   31.492361460678001       -24.344241626980502        21.608000000000001                0
 Control point          292  reads:          292   31.492361460678001       -24.344241626980502        22.608000000000001                0
 Control point          293  reads:          293   38.511363406847600       -24.482387382589302       -16.317000000000000                0
 Control point          294  reads:          294   38.511363406847600       -24.482387382589302       -15.313000000000001                0
 Control point          295  reads:          295   38.511363406847600       -24.482387382589302       -14.310000000000000                0
 Control point          296  reads:          296   38.511363406847600       -24.482387382589302       -13.310000000000000                0
 Control point          297  reads:          297   38.511363406847600       -24.482387382589302       -12.307000000000000                0
 Control point          298  reads:          298   38.511363406847600       -24.482387382589302       -11.304000000000000                0
 Control point          299  reads:          299   38.511363406847600       -24.482387382589302       -10.305000000000000                0
 Control point          300  reads:          300   38.511363406847600       -24.482387382589302       -9.3059999999999992                0
 Control point          301  reads:          301   38.511363406847600       -24.482387382589302       -8.3030000000000008                0
 Control point          302  reads:          302   38.511363406847600       -24.482387382589302       -7.3040000000000003                0
 Control point          303  reads:          303   38.511363406847600       -24.482387382589302       -6.3049999999999997                0
 Control point          304  reads:          304   38.511363406847600       -24.482387382589302       -5.3019999999999996                0
 Control point          305  reads:          305   38.511363406847600       -24.482387382589302       -4.2980000000000000                0
 Control point          306  reads:          306   38.511363406847600       -24.482387382589302       -3.2999999999999998                0
 Control point          307  reads:          307   38.511363406847600       -24.482387382589302       -2.2970000000000002                0
 Control point          308  reads:          308   38.511363406847600       -24.482387382589302       -1.2949999999999999                0
 Control point          309  reads:          309   38.511363406847600       -24.482387382589302      -0.29399999999999998                0
 Control point          310  reads:          310   38.511363406847600       -24.482387382589302       0.71000000000000196                0
 Control point          311  reads:          311   38.511363406847600       -24.482387382589302        1.7060000000000000                0
 Control point          312  reads:          312   38.511363406847600       -24.482387382589302        2.7050000000000001                0
 Control point          313  reads:          313   38.511363406847600       -24.482387382589302        3.7029999999999998                0
 Control point          314  reads:          314   38.511363406847600       -24.482387382589302        4.7009999999999996                0
 Control point          315  reads:          315   38.511363406847600       -24.482387382589302        5.7039999999999997                0
 Control point          316  reads:          316   38.511363406847600       -24.482387382589302        6.7050000000000001                0
 Control point          317  reads:          317   38.511363406847600       -24.482387382589302        7.7089999999999996                0
 Control point          318  reads:          318   38.511363406847600       -24.482387382589302        8.7089999999999996                0
 Control point          319  reads:          319   38.511363406847600       -24.482387382589302        9.7129999999999992                0
 Control point          320  reads:          320   38.511363406847600       -24.482387382589302        10.711000000000000                0
 Control point          321  reads:          321   38.511363406847600       -24.482387382589302        11.715999999999999                0
 Control point          322  reads:          322   38.511363406847600       -24.482387382589302        12.714000000000000                0
 Control point          323  reads:          323   38.511363406847600       -24.482387382589302        13.712999999999999                0
 Control point          324  reads:          324   38.511363406847600       -24.482387382589302        14.714000000000000                0
 Control point          325  reads:          325   38.511363406847600       -24.482387382589302        15.714000000000000                0
 Control point          326  reads:          326   38.511363406847600       -24.482387382589302        16.716999999999999                0
 Control point          327  reads:          327   38.511363406847600       -24.482387382589302        17.716000000000001                0
 Control point          328  reads:          328   38.511363406847600       -24.482387382589302        18.716999999999999                0
 Control point          329  reads:          329   38.511363406847600       -24.482387382589302        19.718000000000000                0
 Control point          330  reads:          330   38.511363406847600       -24.482387382589302        20.719000000000001                0
 Control point          331  reads:          331   38.511363406847600       -24.482387382589302        21.722000000000001                0
 Control point          332  reads:          332   38.511363406847600       -24.482387382589302        22.722999999999999                0
 Control point          333  reads:          333   0.0000000000000000        4.0000000000000000        22.000000000000000               -3
 Control point          334  reads:          334   1.0000000000000000        4.0000000000000000        22.000000000000000               -3
 Control point          335  reads:          335   2.0000000000000000        4.0000000000000000        22.000000000000000               -3
 Control point          336  reads:          336   3.0000000000000000        4.0000000000000000        22.000000000000000               -3
 Control point          337  reads:          337   4.0000000000000000        4.0000000000000000        22.000000000000000               -3
 Control point          338  reads:          338   5.0000000000000000        4.0000000000000000        22.000000000000000               -3
 Control point          339  reads:          339   6.0000000000000000        4.0000000000000000        22.000000000000000               -3
 Control point          340  reads:          340   7.0000000000000000        4.0000000000000000        22.000000000000000               -3
 Control point          341  reads:          341   8.0000000000000000        4.0000000000000000        22.000000000000000               -3
 Control point          342  reads:          342   9.0000000000000000        4.0000000000000000        22.000000000000000               -3
 Control point          343  reads:          343   10.000000000000000        4.0000000000000000        22.000000000000000               -3
 Control point          344  reads:          344   11.000000000000000        4.0000000000000000        22.000000000000000               -3
 Control point          345  reads:          345   12.000000000000000        4.0000000000000000        22.000000000000000               -3
 Control point          346  reads:          346   13.000000000000000        4.0000000000000000        22.000000000000000               -3
 Control point          347  reads:          347   14.000000000000000        4.0000000000000000        22.000000000000000               -3
 Control point          348  reads:          348   15.000000000000000        4.0000000000000000        22.000000000000000               -3
 Control point          349  reads:          349   16.000000000000000        4.0000000000000000        22.000000000000000               -3
 Control point          350  reads:          350   17.000000000000000        4.0000000000000000        22.000000000000000               -3
 Control point          351  reads:          351   18.000000000000000        4.0000000000000000        22.000000000000000               -3
 Control point          352  reads:          352   19.000000000000000        4.0000000000000000        22.000000000000000               -3
 Control point          353  reads:          353   20.000000000000000        4.0000000000000000        22.000000000000000               -3
 Control point          354  reads:          354   21.000000000000000        4.0000000000000000        22.000000000000000               -3
 Control point          355  reads:          355   22.000000000000000        4.0000000000000000        22.000000000000000               -3
 Control point          356  reads:          356   23.000000000000000        4.0000000000000000        22.000000000000000               -3
 Control point          357  reads:          357   24.000000000000000        4.0000000000000000        22.000000000000000               -3
 Control point          358  reads:          358   25.000000000000000        4.0000000000000000        22.000000000000000               -3
 Control point          359  reads:          359   26.000000000000000        4.0000000000000000        22.000000000000000               -3
 Control point          360  reads:          360   27.000000000000000        4.0000000000000000        22.000000000000000               -3
 Control point          361  reads:          361   28.000000000000000        4.0000000000000000        22.000000000000000               -3
 Control point          362  reads:          362   29.000000000000000        4.0000000000000000        22.000000000000000               -3
 Control point          363  reads:          363   30.000000000000000        4.0000000000000000        22.000000000000000               -3
 Control point          364  reads:          364   31.000000000000000        4.0000000000000000        22.000000000000000               -3
 Control point          365  reads:          365   32.000000000000000        4.0000000000000000        22.000000000000000               -3
 Control point          366  reads:          366   33.000000000000000        4.0000000000000000        22.000000000000000               -3
 Control point          367  reads:          367   34.000000000000000        4.0000000000000000        22.000000000000000               -3
 Control point          368  reads:          368   35.000000000000000        4.0000000000000000        22.000000000000000               -3
 Control point          369  reads:          369   36.000000000000000        4.0000000000000000        22.000000000000000               -3
 Control point          370  reads:          370   37.000000000000000        4.0000000000000000        22.000000000000000               -3
 Control point          371  reads:          371   38.000000000000000        4.0000000000000000        22.000000000000000               -3
 Control point          372  reads:          372   39.000000000000000        4.0000000000000000        22.000000000000000               -3
 Control point          373  reads:          373   40.000000000000000        4.0000000000000000        22.000000000000000               -3
 Control point          374  reads:          374   41.000000000000000        4.0000000000000000        22.000000000000000               -3
 Control point          375  reads:          375   42.000000000000000        4.0000000000000000        22.000000000000000               -3
 Control point          376  reads:          376   43.000000000000000        4.0000000000000000        22.000000000000000               -3
 Control point          377  reads:          377   44.000000000000000        4.0000000000000000        22.000000000000000               -3
 Control point          378  reads:          378   45.000000000000000        4.0000000000000000        22.000000000000000               -3
 Control point          379  reads:          379   46.000000000000000        4.0000000000000000        22.000000000000000               -3
 Control point          380  reads:          380   47.000000000000000        4.0000000000000000        22.000000000000000               -3
 Control point          381  reads:          381   48.000000000000000        4.0000000000000000        22.000000000000000               -3
 Control point          382  reads:          382   49.000000000000000        4.0000000000000000        22.000000000000000               -3
 Control point          383  reads:          383   50.000000000000000        4.0000000000000000        22.000000000000000               -3
 Control point          384  reads:          384   51.000000000000000        4.0000000000000000        22.000000000000000               -3
 Control point          385  reads:          385   52.000000000000000        4.0000000000000000        22.000000000000000               -3
 Control point          386  reads:          386   53.000000000000000        4.0000000000000000        22.000000000000000               -3
 Control point          387  reads:          387   54.000000000000000        4.0000000000000000        22.000000000000000               -3
 Control point          388  reads:          388   55.000000000000000        4.0000000000000000        22.000000000000000               -3
 Control point          389  reads:          389   56.000000000000000        4.0000000000000000        22.000000000000000               -3
 Control point          390  reads:          390   57.000000000000000        4.0000000000000000        22.000000000000000               -3
 Control point          391  reads:          391   58.000000000000000        4.0000000000000000        22.000000000000000               -3
 Control point          392  reads:          392   59.000000000000000        4.0000000000000000        22.000000000000000               -3
 Control point          393  reads:          393   0.0000000000000000        4.0000000000000000        20.000000000000000               -4
 Control point          394  reads:          394   1.0000000000000000        4.0000000000000000        20.000000000000000               -4
 Control point          395  reads:          395   2.0000000000000000        4.0000000000000000        20.000000000000000               -4
 Control point          396  reads:          396   3.0000000000000000        4.0000000000000000        20.000000000000000               -4
 Control point          397  reads:          397   4.0000000000000000        4.0000000000000000        20.000000000000000               -4
 Control point          398  reads:          398   5.0000000000000000        4.0000000000000000        20.000000000000000               -4
 Control point          399  reads:          399   6.0000000000000000        4.0000000000000000        20.000000000000000               -4
 Control point          400  reads:          400   7.0000000000000000        4.0000000000000000        20.000000000000000               -4
 Control point          401  reads:          401   8.0000000000000000        4.0000000000000000        20.000000000000000               -4
 Control point          402  reads:          402   9.0000000000000000        4.0000000000000000        20.000000000000000               -4
 Control point          403  reads:          403   10.000000000000000        4.0000000000000000        20.000000000000000               -4
 Control point          404  reads:          404   11.000000000000000        4.0000000000000000        20.000000000000000               -4
 Control point          405  reads:          405   12.000000000000000        4.0000000000000000        20.000000000000000               -4
 Control point          406  reads:          406   13.000000000000000        4.0000000000000000        20.000000000000000               -4
 Control point          407  reads:          407   14.000000000000000        4.0000000000000000        20.000000000000000               -4
 Control point          408  reads:          408   15.000000000000000        4.0000000000000000        20.000000000000000               -4
 Control point          409  reads:          409   16.000000000000000        4.0000000000000000        20.000000000000000               -4
 Control point          410  reads:          410   17.000000000000000        4.0000000000000000        20.000000000000000               -4
 Control point          411  reads:          411   18.000000000000000        4.0000000000000000        20.000000000000000               -4
 Control point          412  reads:          412   19.000000000000000        4.0000000000000000        20.000000000000000               -4
 Control point          413  reads:          413   20.000000000000000        4.0000000000000000        20.000000000000000               -4
 Control point          414  reads:          414   21.000000000000000        4.0000000000000000        20.000000000000000               -4
 Control point          415  reads:          415   22.000000000000000        4.0000000000000000        20.000000000000000               -4
 Control point          416  reads:          416   23.000000000000000        4.0000000000000000        20.000000000000000               -4
 Control point          417  reads:          417   24.000000000000000        4.0000000000000000        20.000000000000000               -4
 Control point          418  reads:          418   25.000000000000000        4.0000000000000000        20.000000000000000               -4
 Control point          419  reads:          419   26.000000000000000        4.0000000000000000        20.000000000000000               -4
 Control point          420  reads:          420   27.000000000000000        4.0000000000000000        20.000000000000000               -4
 Control point          421  reads:          421   28.000000000000000        4.0000000000000000        20.000000000000000               -4
 Control point          422  reads:          422   29.000000000000000        4.0000000000000000        20.000000000000000               -4
 Control point          423  reads:          423   30.000000000000000        4.0000000000000000        20.000000000000000               -4
 Control point          424  reads:          424   31.000000000000000        4.0000000000000000        20.000000000000000               -4
 Control point          425  reads:          425   32.000000000000000        4.0000000000000000        20.000000000000000               -4
 Control point          426  reads:          426   33.000000000000000        4.0000000000000000        20.000000000000000               -4
 Control point          427  reads:          427   34.000000000000000        4.0000000000000000        20.000000000000000               -4
 Control point          428  reads:          428   35.000000000000000        4.0000000000000000        20.000000000000000               -4
 Control point          429  reads:          429   36.000000000000000        4.0000000000000000        20.000000000000000               -4
 Control point          430  reads:          430   37.000000000000000        4.0000000000000000        20.000000000000000               -4
 Control point          431  reads:          431   38.000000000000000        4.0000000000000000        20.000000000000000               -4
 Control point          432  reads:          432   39.000000000000000        4.0000000000000000        20.000000000000000               -4
 Control point          433  reads:          433   40.000000000000000        4.0000000000000000        20.000000000000000               -4
 Control point          434  reads:          434   41.000000000000000        4.0000000000000000        20.000000000000000               -4
 Control point          435  reads:          435   42.000000000000000        4.0000000000000000        20.000000000000000               -4
 Control point          436  reads:          436   43.000000000000000        4.0000000000000000        20.000000000000000               -4
 Control point          437  reads:          437   44.000000000000000        4.0000000000000000        20.000000000000000               -4
 Control point          438  reads:          438   45.000000000000000        4.0000000000000000        20.000000000000000               -4
 Control point          439  reads:          439   46.000000000000000        4.0000000000000000        20.000000000000000               -4
 Control point          440  reads:          440   47.000000000000000        4.0000000000000000        20.000000000000000               -4
 Control point          441  reads:          441   48.000000000000000        4.0000000000000000        20.000000000000000               -4
 Control point          442  reads:          442   49.000000000000000        4.0000000000000000        20.000000000000000               -4
 Control point          443  reads:          443   50.000000000000000        4.0000000000000000        20.000000000000000               -4
 Control point          444  reads:          444   51.000000000000000        4.0000000000000000        20.000000000000000               -4
 Control point          445  reads:          445   52.000000000000000        4.0000000000000000        20.000000000000000               -4
 Control point          446  reads:          446   53.000000000000000        4.0000000000000000        20.000000000000000               -4
 Control point          447  reads:          447   54.000000000000000        4.0000000000000000        20.000000000000000               -4
 Control point          448  reads:          448   55.000000000000000        4.0000000000000000        20.000000000000000               -4
 Control point          449  reads:          449   56.000000000000000        4.0000000000000000        20.000000000000000               -4
 Control point          450  reads:          450   57.000000000000000        4.0000000000000000        20.000000000000000               -4
 Control point          451  reads:          451   58.000000000000000        4.0000000000000000        20.000000000000000               -4
 Control point          452  reads:          452   59.000000000000000        4.0000000000000000        20.000000000000000               -4
 Control point          453  reads:          453   0.0000000000000000        4.0000000000000000        18.000000000000000               -5
 Control point          454  reads:          454   1.0000000000000000        4.0000000000000000        18.000000000000000               -5
 Control point          455  reads:          455   2.0000000000000000        4.0000000000000000        18.000000000000000               -5
 Control point          456  reads:          456   3.0000000000000000        4.0000000000000000        18.000000000000000               -5
 Control point          457  reads:          457   4.0000000000000000        4.0000000000000000        18.000000000000000               -5
 Control point          458  reads:          458   5.0000000000000000        4.0000000000000000        18.000000000000000               -5
 Control point          459  reads:          459   6.0000000000000000        4.0000000000000000        18.000000000000000               -5
 Control point          460  reads:          460   7.0000000000000000        4.0000000000000000        18.000000000000000               -5
 Control point          461  reads:          461   8.0000000000000000        4.0000000000000000        18.000000000000000               -5
 Control point          462  reads:          462   9.0000000000000000        4.0000000000000000        18.000000000000000               -5
 Control point          463  reads:          463   10.000000000000000        4.0000000000000000        18.000000000000000               -5
 Control point          464  reads:          464   11.000000000000000        4.0000000000000000        18.000000000000000               -5
 Control point          465  reads:          465   12.000000000000000        4.0000000000000000        18.000000000000000               -5
 Control point          466  reads:          466   13.000000000000000        4.0000000000000000        18.000000000000000               -5
 Control point          467  reads:          467   14.000000000000000        4.0000000000000000        18.000000000000000               -5
 Control point          468  reads:          468   15.000000000000000        4.0000000000000000        18.000000000000000               -5
 Control point          469  reads:          469   16.000000000000000        4.0000000000000000        18.000000000000000               -5
 Control point          470  reads:          470   17.000000000000000        4.0000000000000000        18.000000000000000               -5
 Control point          471  reads:          471   18.000000000000000        4.0000000000000000        18.000000000000000               -5
 Control point          472  reads:          472   19.000000000000000        4.0000000000000000        18.000000000000000               -5
 Control point          473  reads:          473   20.000000000000000        4.0000000000000000        18.000000000000000               -5
 Control point          474  reads:          474   21.000000000000000        4.0000000000000000        18.000000000000000               -5
 Control point          475  reads:          475   22.000000000000000        4.0000000000000000        18.000000000000000               -5
 Control point          476  reads:          476   23.000000000000000        4.0000000000000000        18.000000000000000               -5
 Control point          477  reads:          477   24.000000000000000        4.0000000000000000        18.000000000000000               -5
 Control point          478  reads:          478   25.000000000000000        4.0000000000000000        18.000000000000000               -5
 Control point          479  reads:          479   26.000000000000000        4.0000000000000000        18.000000000000000               -5
 Control point          480  reads:          480   27.000000000000000        4.0000000000000000        18.000000000000000               -5
 Control point          481  reads:          481   28.000000000000000        4.0000000000000000        18.000000000000000               -5
 Control point          482  reads:          482   29.000000000000000        4.0000000000000000        18.000000000000000               -5
 Control point          483  reads:          483   30.000000000000000        4.0000000000000000        18.000000000000000               -5
 Control point          484  reads:          484   31.000000000000000        4.0000000000000000        18.000000000000000               -5
 Control point          485  reads:          485   32.000000000000000        4.0000000000000000        18.000000000000000               -5
 Control point          486  reads:          486   33.000000000000000        4.0000000000000000        18.000000000000000               -5
 Control point          487  reads:          487   34.000000000000000        4.0000000000000000        18.000000000000000               -5
 Control point          488  reads:          488   35.000000000000000        4.0000000000000000        18.000000000000000               -5
 Control point          489  reads:          489   36.000000000000000        4.0000000000000000        18.000000000000000               -5
 Control point          490  reads:          490   37.000000000000000        4.0000000000000000        18.000000000000000               -5
 Control point          491  reads:          491   38.000000000000000        4.0000000000000000        18.000000000000000               -5
 Control point          492  reads:          492   39.000000000000000        4.0000000000000000        18.000000000000000               -5
 Control point          493  reads:          493   40.000000000000000        4.0000000000000000        18.000000000000000               -5
 Control point          494  reads:          494   41.000000000000000        4.0000000000000000        18.000000000000000               -5
 Control point          495  reads:          495   42.000000000000000        4.0000000000000000        18.000000000000000               -5
 Control point          496  reads:          496   43.000000000000000        4.0000000000000000        18.000000000000000               -5
 Control point          497  reads:          497   44.000000000000000        4.0000000000000000        18.000000000000000               -5
 Control point          498  reads:          498   45.000000000000000        4.0000000000000000        18.000000000000000               -5
 Control point          499  reads:          499   46.000000000000000        4.0000000000000000        18.000000000000000               -5
 Control point          500  reads:          500   47.000000000000000        4.0000000000000000        18.000000000000000               -5
 Control point          501  reads:          501   48.000000000000000        4.0000000000000000        18.000000000000000               -5
 Control point          502  reads:          502   49.000000000000000        4.0000000000000000        18.000000000000000               -5
 Control point          503  reads:          503   50.000000000000000        4.0000000000000000        18.000000000000000               -5
 Control point          504  reads:          504   51.000000000000000        4.0000000000000000        18.000000000000000               -5
 Control point          505  reads:          505   52.000000000000000        4.0000000000000000        18.000000000000000               -5
 Control point          506  reads:          506   53.000000000000000        4.0000000000000000        18.000000000000000               -5
 Control point          507  reads:          507   54.000000000000000        4.0000000000000000        18.000000000000000               -5
 Control point          508  reads:          508   55.000000000000000        4.0000000000000000        18.000000000000000               -5
 Control point          509  reads:          509   56.000000000000000        4.0000000000000000        18.000000000000000               -5
 Control point          510  reads:          510   57.000000000000000        4.0000000000000000        18.000000000000000               -5
 Control point          511  reads:          511   58.000000000000000        4.0000000000000000        18.000000000000000               -5
 Control point          512  reads:          512   59.000000000000000        4.0000000000000000        18.000000000000000               -5
 Building sequetial list of control points for outer boundary

 There are:            5 piecewise linear complexes
 Number of control points and boundary number for:            1  are            4          10
 Number of control points and boundary number for:            2  are            4          10
 Number of control points and boundary number for:            3  are            4          10
 Number of control points and boundary number for:            4  are            4          10
 Number of control points and boundary number for:            5  are            4          10

 There are:            0 holes

 There are:            2 zones

 Config info for zone:            1  ....... 
 Zone Number:            1
 Point in zone:    35.5154991      -11.2865000       2.23618102    
 Maximum volume:   0.116999999    
 Conductivity:    2.00000009E-03

 Config info for zone:            2  ....... 
 Zone Number:            2
 Point in zone:   -250.199997      -247.000000      -475.000000    
 Maximum volume:    9.99999996E+11
 Conductivity:    2.00000009E-03
